
2018-03-21-22.33.24.482000+330 I1F1110              LEVEL: Event
PID     : 8252                 TID : 7924           PROC : db2caem.exe
INSTANCE: DB2                  NODE : 000           DB   : JUPYTER 
APPID   : *LOCAL.DB2.180321170329
HOSTNAME: Ravi-PC
EDUID   : 7924
FUNCTION: DB2 UDB, RAS/PD component, pdLogInternal, probe:120
START   : New Diagnostic Log file
DATA #1 : Build Level, 240 bytes
Instance "DB2" uses "64" bits and DB2 code release "SQL11012"
with level identifier "0203010F".
Informational tokens are "DB2 v11.1.2020.1393", "s1706091900", "DYN1701310100WIN64", Fix Pack "2".
DATA #2 : System Info, 1760 bytes
System: WIN32_NT RAVI-PC Service Pack 1 6.1 AMD64 Family 6, model 61, stepping 4
CPU: total:4 online:4 Cores per socket:2 Threading degree per core:2 SIMD:Y CPU Features:SSSE3,SSE4,AVX2
CPU binding: not in use
Physical Memory(MB): total:4017 free:841 available:841
Virtual  Memory(MB): total:8032 free:4008
Swap     Memory(MB): total:4015 free:3167
Information in this record is only valid at the time when this file was
created (see this record's time stamp)

2018-03-21-22.33.24.602000+330 I1114F451            LEVEL: Warning
PID     : 8252                 TID : 7924           PROC : db2caem.exe
INSTANCE: DB2                  NODE : 000           DB   : JUPYTER 
APPID   : *LOCAL.DB2.180321170329
HOSTNAME: Ravi-PC
EDUID   : 7924
FUNCTION: DB2 UDB, RAS/PD component, caemActstmtFetch, probe:301
MESSAGE : APPL_ID: *LOCAL.DB2.180321170328, UOW_ID:32, ACT_ID: 1
DATA #1 : unsigned integer, 8 bytes
1
